<?xml version="1.0" encoding="UTF-8"?>
<!-- Generated by org.testng.reporters.JUnitReportReporter -->
<testsuite hostname="DESKTOP-EP6UAGA" failures="0" tests="1" name="com.qa.requests.AuthanticationTest" time="4.079" errors="0" timestamp="2024-10-12T23:02:39 GST" skipped="0">
  <testcase classname="com.qa.requests.AuthanticationTest" name="testBasicAuth" time="4.079"/>
  <system-out/>
</testsuite> <!-- com.qa.requests.AuthanticationTest -->
