<?xml version="1.0" encoding="UTF-8"?>
<!-- Generated by org.testng.reporters.JUnitReportReporter -->
<testsuite hostname="DESKTOP-EP6UAGA" failures="0" tests="3" name="com.qa.requests.ApiHttpRequests" time="5.241" errors="0" timestamp="2024-10-12T22:45:36 GST" skipped="0">
  <testcase classname="com.qa.requests.ApiHttpRequests" name="getuser" time="3.055"/>
  <system-out/>
  <testcase classname="com.qa.requests.ApiHttpRequests" name="postUser" time="1.608"/>
  <system-out/>
  <testcase classname="com.qa.requests.ApiHttpRequests" name="updateReq" time="0.578"/>
  <system-out/>
</testsuite> <!-- com.qa.requests.ApiHttpRequests -->
