<?xml version="1.0" encoding="UTF-8"?>
<!-- Generated by org.testng.reporters.JUnitReportReporter -->
<testsuite hostname="DESKTOP-EP6UAGA" failures="0" tests="2" name="com.qa.requests.UserTest" time="3.614" errors="0" timestamp="2024-10-13T00:25:55 GST" skipped="0">
  <testcase classname="com.qa.requests.UserTest" name="getTest" time="2.474"/>
  <system-out/>
  <testcase classname="com.qa.requests.UserTest" name="postTest" time="1.140"/>
  <system-out/>
</testsuite> <!-- com.qa.requests.UserTest -->
